<?xml version="1.0" encoding="UTF-8"?>
<!-- Generated by org.testng.reporters.JUnitReportReporter -->
<testsuite hostname="LTIN486368" failures="0" tests="4" name="TestCase.TC_001" time="15.411" errors="0" timestamp="2024-04-10T22:22:50 IST" skipped="0">
  <testcase classname="TestCase.TC_001" name="search_functionality" time="7.958"/>
  <testcase classname="TestCase.TC_001" name="filter_functionality" time="4.853"/>
  <testcase classname="TestCase.TC_001" name="check_sortfuction" time="1.534"/>
  <testcase classname="TestCase.TC_001" name="check_and_print" time="1.066"/>
</testsuite> <!-- TestCase.TC_001 -->
