<?xml version="1.0" encoding="UTF-8"?>
<!-- Generated by org.testng.reporters.JUnitReportReporter -->
<testsuite hostname="LTIN486368" failures="0" tests="2" name="TestCase.TC_003" time="12.535" errors="0" timestamp="2024-04-10T22:22:50 IST" skipped="0">
  <testcase classname="TestCase.TC_003" name="choose_giftcard_validate" time="10.658"/>
  <testcase classname="TestCase.TC_003" name="checkout_validation" time="1.877"/>
</testsuite> <!-- TestCase.TC_003 -->
