<?xml version="1.0" encoding="UTF-8"?>
<!-- Generated by org.testng.reporters.JUnitReportReporter -->
<testsuite hostname="LTIN486368" failures="0" tests="1" name="TestCase.TC_002" time="5.288" errors="0" timestamp="2024-04-10T22:22:50 IST" skipped="0">
  <testcase classname="TestCase.TC_002" name="submenu_printcheck" time="5.288"/>
</testsuite> <!-- TestCase.TC_002 -->
